
******************************************************************************
This program contains Ipopt, a library for large-scale nonlinear optimization.
 Ipopt is released as open source code under the Eclipse Public License (EPL).
         For more information visit http://projects.coin-or.org/Ipopt
******************************************************************************

This is Ipopt version 3.12.12, running with linear solver mumps.
NOTE: Other linear solvers might be more efficient (see Ipopt documentation).

Number of nonzeros in equality constraint Jacobian...:     1703
Number of nonzeros in inequality constraint Jacobian.:        1
Number of nonzeros in Lagrangian Hessian.............:      300

Total number of variables............................:      703
                     variables with only lower bounds:      101
                variables with lower and upper bounds:      201
                     variables with only upper bounds:        0
Total number of equality constraints.................:      603
Total number of inequality constraints...............:        1
        inequality constraints with only lower bounds:        0
   inequality constraints with lower and upper bounds:        0
        inequality constraints with only upper bounds:        1

iter    objective    inf_pr   inf_du lg(mu)  ||d||  lg(rg) alpha_du alpha_pr  ls
   0 -1.0000000e-01 9.82e+00 2.00e+00   0.0 0.00e+00    -  0.00e+00 0.00e+00   0
   1 -1.5207103e-01 9.75e+00 1.97e+00   0.6 2.12e+02    -  1.82e-02 7.24e-03h  1
   2 -1.5482968e-01 9.70e+00 1.63e+00  -5.6 2.34e+02    -  4.46e-03 5.46e-03h  1
   3 -1.5616040e-01 9.67e+00 1.63e+00  -5.6 2.77e+02    -  2.78e-03 2.73e-03h  1
   4 -1.5715734e-01 9.65e+00 1.63e+00  -5.6 3.24e+02    -  1.95e-03 2.08e-03h  1
   5 -1.5791394e-01 9.64e+00 1.62e+00  -5.6 3.74e+02    -  1.56e-03 1.60e-03h  1
   6 -1.5853525e-01 9.63e+00 1.62e+00  -5.6 4.32e+02    -  1.31e-03 1.33e-03h  1
   7 -1.5905466e-01 9.61e+00 1.62e+00  -5.6 4.82e+02    -  1.16e-03 1.12e-03h  1
   8 -1.5951163e-01 9.61e+00 1.62e+00  -5.6 5.15e+02    -  1.06e-03 9.86e-04h  1
   9 -1.5992772e-01 9.60e+00 1.62e+00  -5.6 5.75e+02    -  1.00e-03 9.02e-04h  1
iter    objective    inf_pr   inf_du lg(mu)  ||d||  lg(rg) alpha_du alpha_pr  ls
  10 -1.6029518e-01 9.59e+00 1.99e+00  -5.6 5.87e+02    -  9.36e-04 7.99e-04h  1
  11 -1.6063309e-01 9.58e+00 2.41e+00  -5.6 6.61e+02    -  8.90e-04 7.37e-04h  1
  12 -1.6092098e-01 9.58e+00 3.05e+00  -5.6 7.28e+02    -  8.60e-04 6.29e-04h  1
  13 -1.6118709e-01 9.57e+00 3.71e+00  -5.6 7.78e+02    -  8.32e-04 5.83e-04h  1
  14 -1.6142283e-01 9.57e+00 4.44e+00  -5.6 8.18e+02    -  8.10e-04 5.17e-04h  1
  15 -1.6163117e-01 9.56e+00 5.27e+00  -5.6 7.95e+02    -  8.15e-04 4.58e-04h  1
  16 -1.6185538e-01 9.56e+00 6.19e+00  -1.7 9.33e+02    -  8.80e-04 4.47e-04h  1
  17 -1.6251067e-01 9.55e+00 7.30e+00  -0.4 1.19e+03    -  9.69e-04 4.40e-04f  1
  18 -1.6438206e-01 9.55e+00 9.05e+00   0.7 1.14e+03    -  1.31e-03 1.35e-04f  1
  19 -1.6468070e-01 9.54e+00 8.73e+00  -5.7 9.15e+02    -  4.16e-04 6.50e-04h  1
iter    objective    inf_pr   inf_du lg(mu)  ||d||  lg(rg) alpha_du alpha_pr  ls
  20 -1.6477955e-01 9.54e+00 1.10e+01  -0.4 1.26e+03    -  1.04e-03 6.04e-05h  1
  21 -1.7073406e-01 9.54e+00 1.11e+01   0.7 9.62e+02    -  5.39e-04 4.23e-04f  1
  22 -1.7358176e-01 9.54e+00 1.20e+01   0.3 1.38e+03    -  7.92e-04 4.43e-04f  1
  23 -1.7360256e-01 9.54e+00 1.32e+01  -5.7 1.13e+03    -  4.24e-04 4.38e-05h  1
  24 -1.7564967e-01 9.53e+00 1.39e+01   0.0 1.27e+03    -  8.87e-04 6.31e-04f  1
  25 -1.7638486e-01 9.53e+00 1.48e+01   0.3 1.30e+03    -  4.74e-04 1.14e-04h  1
  26 -1.7740409e-01 9.52e+00 1.55e+01  -0.3 1.21e+03    -  8.43e-04 5.40e-04f  1
  27 -1.7869121e-01 9.52e+00 1.71e+01   0.3 1.35e+03    -  7.82e-04 2.01e-04h  1
  28 -1.7890925e-01 9.52e+00 1.74e+01  -5.7 1.07e+03    -  6.20e-04 4.52e-04h  1
  29 -1.8455302e-01 9.51e+00 1.87e+01   0.7 1.75e+03    -  8.02e-04 3.91e-04f  1
iter    objective    inf_pr   inf_du lg(mu)  ||d||  lg(rg) alpha_du alpha_pr  ls
  30 -1.8456923e-01 9.51e+00 2.00e+01  -5.7 1.02e+03    -  4.86e-04 3.29e-05h  1
  31 -1.8806261e-01 9.51e+00 2.09e+01   0.3 1.24e+03    -  9.61e-04 6.25e-04f  1
  32 -1.9459103e-01 9.50e+00 2.22e+01   0.6 1.37e+03    -  1.04e-03 5.62e-04f  1
  33 -1.9461761e-01 9.50e+00 2.33e+01  -5.7 1.16e+03    -  4.04e-04 5.28e-05h  1
  34 -1.9525221e-01 9.50e+00 2.44e+01  -0.7 1.28e+03    -  9.74e-04 6.00e-04f  1
  35 -2.0152834e-01 9.49e+00 2.59e+01   0.6 1.49e+03    -  1.02e-03 5.34e-04f  1
  36 -2.0153857e-01 9.49e+00 2.70e+01  -5.7 1.07e+03    -  4.29e-04 2.05e-05h  1
  37 -2.0231988e-01 9.48e+00 2.80e+01  -0.6 1.31e+03    -  9.73e-04 6.29e-04f  1
  38 -2.1403438e-01 9.48e+00 2.96e+01   1.0 1.98e+03    -  8.16e-04 4.15e-04f  1
  39 -2.1405189e-01 9.48e+00 3.09e+01  -5.7 1.00e+03    -  4.72e-04 3.59e-05h  1
iter    objective    inf_pr   inf_du lg(mu)  ||d||  lg(rg) alpha_du alpha_pr  ls
  40 -2.1487220e-01 9.47e+00 3.21e+01  -0.5 1.26e+03    -  1.07e-03 6.16e-04f  1
  41 -2.2183923e-01 9.47e+00 3.38e+01   0.9 2.68e+03    -  6.32e-04 2.96e-04f  1
  42 -2.2185302e-01 9.47e+00 3.52e+01  -5.7 8.40e+02    -  5.51e-04 2.87e-05h  1
  43 -2.2390966e-01 9.47e+00 3.66e+01  -0.0 1.20e+03    -  1.20e-03 6.08e-04f  1
  44 -2.2414943e-01 9.46e+00 3.76e+01   0.2 1.14e+03    -  3.96e-04 4.47e-05h  1
  45 -2.2589312e-01 9.46e+00 3.88e+01  -0.1 1.24e+03    -  1.08e-03 6.17e-04f  1
  46 -2.2701412e-01 9.46e+00 3.95e+01   0.3 1.24e+03    -  3.99e-04 1.60e-04h  1
  47 -2.2845312e-01 9.45e+00 4.10e+01  -0.1 1.25e+03    -  1.07e-03 5.04e-04f  1
  48 -2.2954399e-01 9.45e+00 4.40e+01   0.3 1.34e+03    -  1.17e-03 1.78e-04h  1
  49 -2.6761611e-01 9.45e+00 4.46e+01   1.4 1.12e+03    -  2.03e-03 5.08e-04f  1
iter    objective    inf_pr   inf_du lg(mu)  ||d||  lg(rg) alpha_du alpha_pr  ls
  50 -3.1067097e-01 9.44e+00 4.51e+01   1.3 1.09e+03    -  7.17e-04 5.84e-04f  1
  51 -3.1599319e-01 9.44e+00 4.79e+01   0.6 8.88e+02    -  1.16e-03 3.40e-04h  1
  52 -3.2752997e-01 9.43e+00 5.01e+01   0.7 1.23e+03    -  1.30e-03 5.79e-04f  1
  53 -3.3788828e-01 9.43e+00 5.20e+01   0.6 1.23e+03    -  1.24e-03 6.15e-04f  1
  54 -3.4120932e-01 9.42e+00 5.24e+01   0.3 1.14e+03    -  4.58e-04 3.55e-04h  1
  55 -3.4243784e-01 9.42e+00 5.46e+01  -0.6 1.14e+03    -  1.17e-03 3.48e-04h  1
  56 -3.5128246e-01 9.41e+00 5.68e+01   0.6 1.39e+03    -  1.25e-03 5.27e-04f  1
  57 -3.6354946e-01 9.41e+00 5.91e+01   0.8 1.64e+03    -  1.05e-03 4.66e-04f  1
  58 -3.9020243e-01 9.41e+00 6.15e+01   1.2 1.45e+03    -  1.23e-03 4.65e-04f  1
  59 -4.0075627e-01 9.40e+00 6.44e+01   0.8 1.21e+03    -  1.54e-03 5.27e-04f  1
iter    objective    inf_pr   inf_du lg(mu)  ||d||  lg(rg) alpha_du alpha_pr  ls
  60 -4.0321971e-01 9.39e+00 6.66e+01   0.6 1.12e+03    -  1.40e-03 6.44e-04f  1
  61 -4.1450106e-01 9.39e+00 6.89e+01   1.1 1.22e+03    -  1.33e-03 5.77e-04f  1
  62 -4.0815094e-01 9.38e+00 7.15e+01   0.6 1.20e+03    -  1.52e-03 5.88e-04f  1
  63 -3.9559215e-01 9.38e+00 7.40e+01   0.4 1.19e+03    -  1.34e-03 4.83e-04h  1
  64 -4.0261165e-01 9.38e+00 7.62e+01   1.4 1.18e+03    -  1.76e-03 3.01e-04f  1
  65 -3.8353773e-01 9.37e+00 7.66e+01   0.3 1.01e+03    -  8.76e-04 6.96e-04f  1
  66 -3.7128677e-01 9.37e+00 7.92e+01   0.3 1.10e+03    -  1.13e-03 2.25e-04h  1
  67 -3.2677976e-01 9.36e+00 8.05e+01   0.1 1.26e+03    -  1.08e-03 6.75e-04f  1
  68 -3.2395194e-01 9.36e+00 8.29e+01  -5.6 9.53e+02    -  7.15e-04 3.07e-05h  1
  69 -3.0290536e-01 9.36e+00 8.45e+01   1.5 1.78e+03    -  1.39e-03 4.47e-04f  1
iter    objective    inf_pr   inf_du lg(mu)  ||d||  lg(rg) alpha_du alpha_pr  ls
  70 -2.7685183e-01 9.35e+00 8.81e+01   0.2 7.53e+02    -  1.30e-03 2.65e-04h  1
  71 -2.3234616e-01 9.35e+00 8.97e+01   0.9 8.62e+02    -  1.87e-03 6.99e-04f  1
  72 -2.5725205e-01 9.34e+00 9.60e+01   1.3 1.09e+03    -  4.71e-03 4.30e-04f  1
  73 -5.6897294e+00 9.28e+00 7.78e+01   1.0 7.85e+02    -  7.18e-04 7.33e-03f  1
  74 -3.2156291e+02 5.63e+00 1.52e+03  -0.8 8.04e+02    -  7.90e-03 3.93e-01f  1
Warning: Cutting back alpha due to evaluation error
  75 -5.7493859e+02 2.84e+00 7.00e+03   0.7 5.12e+02    -  6.46e-01 4.95e-01f  2
Warning: Cutting back alpha due to evaluation error
  76 -6.9825444e+02 2.10e+00 3.54e+03  -5.4 2.49e+02    -  8.40e-02 4.95e-01f  2
  77 -7.8307622e+02 1.98e+00 3.33e+03  -5.4 1.44e+03    -  5.52e-04 5.91e-02f  1
  78 -7.9224005e+02 1.40e+00 1.67e+04  -5.4 3.12e+01  -2.0 3.73e-01 2.93e-01f  1
  79 -8.2249077e+02 1.45e-01 1.78e+02  -1.5 3.06e+01  -2.5 2.97e-01 9.90e-01f  1
iter    objective    inf_pr   inf_du lg(mu)  ||d||  lg(rg) alpha_du alpha_pr  ls
  80 -8.5265158e+02 6.83e-01 2.08e+03   0.1 6.14e+02    -  2.18e-01 5.41e-02f  1
  81 -8.8965201e+02 1.25e+00 2.49e+03  -0.2 5.80e+02    -  1.54e-01 7.93e-02f  1
  82 -9.0522337e+02 1.20e+00 7.98e+03  -0.1 2.16e+02    -  6.43e-01 9.18e-02f  1
  83 -9.1240716e+02 8.09e-01 5.70e+03  -1.2 2.78e+01    -  7.27e-01 3.27e-01f  1
  84 -9.2689646e+02 2.08e-01 1.46e+02  -1.2 1.90e+01    -  4.72e-01 9.24e-01f  1
  85 -9.2934611e+02 2.46e-01 3.61e+05   0.8 4.21e+03    -  2.41e-01 2.04e-03f  1
  86 -9.3660228e+02 1.48e-01 1.49e+05  -1.4 2.29e+01    -  5.20e-01 5.87e-01f  1
  87 -9.4303158e+02 1.07e-01 8.15e+04  -1.4 3.41e+01    -  2.45e-01 4.26e-01f  1
  88 -9.4331906e+02 6.54e-02 1.07e+05  -1.0 7.52e+00    -  1.00e+00 3.92e-01f  1
  89 -9.4635916e+02 7.35e-02 3.94e+00  -1.5 5.06e+00    -  1.00e+00 1.00e+00f  1
iter    objective    inf_pr   inf_du lg(mu)  ||d||  lg(rg) alpha_du alpha_pr  ls
  90 -9.4793078e+02 3.31e-02 2.20e+03  -1.8 3.60e+00    -  9.98e-01 1.00e+00f  1
  91 -9.4883277e+02 3.79e-02 2.02e+00  -2.3 3.00e+00    -  1.00e+00 1.00e+00f  1
  92 -9.4909412e+02 6.50e-03 3.59e-01  -2.7 1.24e+00    -  1.00e+00 1.00e+00h  1
  93 -9.4925463e+02 6.26e-03 3.11e-01  -3.7 1.11e+00    -  1.00e+00 1.00e+00f  1
  94 -9.4927097e+02 7.13e-04 3.12e-02  -4.7 3.04e-01    -  1.00e+00 1.00e+00h  1
  95 -9.4927305e+02 1.37e-04 5.70e-03  -6.3 1.27e-01    -  1.00e+00 1.00e+00h  1
  96 -9.4927311e+02 1.17e-05 4.75e-04  -8.3 3.62e-02    -  1.00e+00 1.00e+00h  1
  97 -9.4927311e+02 1.55e-07 6.24e-06 -11.0 4.14e-03    -  1.00e+00 1.00e+00h  1
  98 -9.4927311e+02 2.86e-11 1.15e-09 -11.0 5.63e-05    -  1.00e+00 1.00e+00h  1
  99 -9.4927311e+02 1.14e-13 1.76e-12 -11.0 1.04e-08    -  1.00e+00 1.00e+00h  1

Number of Iterations....: 99

                                   (scaled)                 (unscaled)
Objective...............:  -9.4927311178548882e+02   -9.4927311178548882e+02
Dual infeasibility......:   1.7621459846850485e-12    1.7621459846850485e-12
Constraint violation....:   1.1368683772161603e-13    1.1368683772161603e-13
Complementarity.........:   1.0000000315177024e-11    1.0000000315177024e-11
Overall NLP error.......:   1.0000000315177024e-11    1.0000000315177024e-11


Number of objective function evaluations             = 100
Number of objective gradient evaluations             = 100
Number of equality constraint evaluations            = 102
Number of inequality constraint evaluations          = 100
Number of equality constraint Jacobian evaluations   = 100
Number of inequality constraint Jacobian evaluations = 100
Number of Lagrangian Hessian evaluations             = 99
Total CPU secs in IPOPT (w/o function evaluations)   =      0.369
Total CPU secs in NLP function evaluations           =      0.070

EXIT: Optimal Solution Found.
