
******************************************************************************
This program contains Ipopt, a library for large-scale nonlinear optimization.
 Ipopt is released as open source code under the Eclipse Public License (EPL).
         For more information visit http://projects.coin-or.org/Ipopt
******************************************************************************

This is Ipopt version 3.12.12, running with linear solver mumps.
NOTE: Other linear solvers might be more efficient (see Ipopt documentation).

Number of nonzeros in equality constraint Jacobian...:     8805
Number of nonzeros in inequality constraint Jacobian.:        1
Number of nonzeros in Lagrangian Hessian.............:     4400

Total number of variables............................:     2405
                     variables with only lower bounds:      603
                variables with lower and upper bounds:      802
                     variables with only upper bounds:        0
Total number of equality constraints.................:     2005
Total number of inequality constraints...............:        1
        inequality constraints with only lower bounds:        0
   inequality constraints with lower and upper bounds:        0
        inequality constraints with only upper bounds:        1

iter    objective    inf_pr   inf_du lg(mu)  ||d||  lg(rg) alpha_du alpha_pr  ls
   0 -1.0000000e-01 8.20e-01 2.00e+00   0.0 0.00e+00    -  0.00e+00 0.00e+00   0
   1 -1.1816793e-01 8.19e-01 4.38e+00  -5.7 1.83e+01    -  5.39e-03 9.94e-04h  1
   2 -5.6708528e-01 8.12e-01 6.41e+01   0.6 5.50e+01    -  5.46e-03 8.16e-03f  1
   3 -1.2445439e+00 8.06e-01 1.34e+02  -5.7 9.10e+01    -  6.13e-03 7.44e-03h  1
   4 -4.5131442e+00 7.97e-01 1.35e+03   1.0 2.92e+02    -  1.00e+00 1.12e-02f  1
   5 -7.0641370e+00 7.89e-01 3.38e+04   1.9 3.49e+02    -  7.09e-03 1.00e-02h  1
   6 -1.7704340e+01 7.81e-01 5.77e+04  -5.0 9.68e+02    -  7.14e-03 1.10e-02f  1
   7 -7.2345295e+01 5.63e+00 1.87e+05   2.8 2.01e+03    -  1.00e+00 2.72e-02f  1
   8 -2.7867817e+02 5.02e+00 5.44e+06   3.3 2.35e+03    -  1.14e-02 8.78e-02f  1
   9 -1.1774404e+03 1.05e+01 7.97e+06   3.3 2.26e+03    -  8.65e-02 4.16e-01F  1
Warning: Cutting back alpha due to evaluation error
iter    objective    inf_pr   inf_du lg(mu)  ||d||  lg(rg) alpha_du alpha_pr  ls
  10 -1.4802870e+03 1.75e+01 1.53e+07   2.6 6.36e+02    -  5.27e-01 4.76e-01f  2
  11 -1.4994133e+03 1.34e+01 1.08e+07  -3.2 4.28e+02    -  2.91e-02 4.36e-01f  1
Warning: Cutting back alpha due to evaluation error
  12 -1.4487681e+03 9.71e+00 7.79e+06   1.8 4.76e+02    -  3.77e-01 2.75e-01f  2
  13 -1.4487681e+03 9.71e+00 7.79e+06   3.3 1.47e+03   4.0 2.33e-04 3.81e-05h  1
  14 -1.4487681e+03 9.71e+00 7.78e+06  -3.4 1.78e+02   4.4 7.12e-04 9.56e-05h  1
  15 -1.4487680e+03 9.71e+00 7.78e+06   3.3 2.08e+02   3.9 9.98e-04 2.36e-04f  1
  16 -1.4026777e+03 6.75e+00 5.41e+06   1.5 3.98e+02    -  3.46e-01 3.04e-01h  1
  17 -1.4026777e+03 6.75e+00 5.41e+06   3.3 3.98e+02   3.5 2.90e-04 4.73e-05h  1
  18 -1.3758102e+03 5.23e+00 4.20e+06   0.9 3.33e+02    -  1.82e-01 2.25e-01h  1
  19 -1.3758102e+03 5.23e+00 4.20e+06   3.3 1.26e+02   3.9 4.30e-03 3.69e-05h  1
iter    objective    inf_pr   inf_du lg(mu)  ||d||  lg(rg) alpha_du alpha_pr  ls
  20 -1.2831968e+03 1.01e+01 1.88e+05   1.8 2.95e+02    -  5.36e-01 9.90e-01h  1
  21 -1.2831980e+03 1.00e+01 2.29e+05   3.3 9.16e+01   3.4 1.38e-03 5.25e-03f  1
  22 -1.2831981e+03 1.00e+01 2.28e+05  -3.9 2.79e+03   2.9 2.09e-05 4.55e-05h  2
  23 -1.2831981e+03 1.00e+01 1.38e+06   3.3 6.58e+01   4.3 3.94e-02 6.38e-05h  1
  24 -1.1882979e+03 1.82e+00 5.19e+04   0.5 1.72e+02    -  5.86e-01 9.90e-01h  1
  25 -1.1436588e+03 2.84e-01 2.00e+06   1.0 7.91e+01    -  8.91e-01 1.00e+00f  1
  26 -1.1436569e+03 2.66e-01 3.41e+10   2.6 1.97e+00   3.8 1.00e+00 6.33e-02f  1
  27 -1.1467740e+03 4.74e-02 1.89e+09   1.7 1.52e+01    -  9.39e-01 1.00e+00f  1
  28 -1.1511943e+03 3.43e-04 3.65e+08  -0.1 4.42e+00    -  9.48e-01 1.00e+00f  1
  29 -1.4038475e+03 2.72e+00 1.58e+08   0.3 2.72e+02    -  4.29e-01 9.27e-01f  1
iter    objective    inf_pr   inf_du lg(mu)  ||d||  lg(rg) alpha_du alpha_pr  ls
  30 -1.6510758e+03 5.03e+00 8.30e+07   0.5 5.05e+02    -  4.23e-01 4.90e-01f  1
  31 -1.7312736e+03 4.56e+00 1.29e+08   0.7 8.83e+02    -  3.70e-01 9.37e-02f  1
  32 -2.0415553e+03 1.36e+01 7.97e+07   0.4 6.99e+02    -  3.97e-01 4.96e-01f  1
  33 -1.9318093e+03 4.24e+00 1.73e+07  -0.4 1.59e+02    -  7.15e-01 6.89e-01h  1
  34 -1.9317824e+03 4.06e+00 4.73e+08   0.8 1.98e+00   3.3 1.00e+00 4.24e-02h  1
  35 -1.9316774e+03 3.40e+00 7.93e+08   1.0 1.88e+00   2.8 1.00e+00 1.68e-01h  1
  36 -1.9316486e+03 3.03e+00 2.73e+09   1.5 1.79e+00   2.4 1.00e+00 1.11e-01h  1
  37 -1.9314409e+03 2.53e+00 1.09e+10   2.1 3.33e+00   1.9 1.00e+00 1.65e-01f  1
  38 -1.8892815e+03 7.88e-03 8.39e+08   0.9 4.22e+01    -  9.35e-01 1.00e+00f  1
  39 -1.8892848e+03 1.23e-04 3.52e+02  -0.5 1.23e-02   1.4 1.00e+00 1.00e+00f  1
iter    objective    inf_pr   inf_du lg(mu)  ||d||  lg(rg) alpha_du alpha_pr  ls
  40 -1.8893198e+03 6.94e-05 2.37e+00  -2.2 3.50e-02   0.9 1.00e+00 1.00e+00h  1
  41 -1.8894333e+03 8.18e-04 3.24e-01  -2.9 1.13e-01   0.5 1.00e+00 1.00e+00f  1
  42 -1.8897731e+03 8.02e-03 3.23e-01  -3.7 3.40e-01  -0.0 1.00e+00 1.00e+00f  1
  43 -1.8901520e+03 1.68e-02 7.45e+03  -4.2 9.53e-01  -0.5 1.00e+00 3.98e-01f  1
  44 -1.8904304e+03 2.04e-02 8.70e+03  -3.6 2.35e+00  -1.0 1.00e+00 1.18e-01f  1
  45 -1.8907124e+03 2.25e-02 1.29e+05  -2.8 5.16e+00  -1.5 1.00e+00 5.46e-02f  1
  46 -1.8917344e+03 3.26e-02 2.93e+05  -2.5 1.08e+01  -1.9 1.00e+00 9.51e-02f  1
  47 -1.8963550e+03 1.36e-01 5.66e+05  -2.1 1.89e+01  -2.4 1.00e+00 2.45e-01f  1
  48 -1.9243785e+03 1.50e-01 6.54e+05  -0.9 4.19e+03    -  1.50e-02 7.97e-03f  1
  49 -1.9423364e+03 1.83e-01 2.10e+06  -0.2 5.33e+03    -  3.05e-02 4.95e-03f  1
iter    objective    inf_pr   inf_du lg(mu)  ||d||  lg(rg) alpha_du alpha_pr  ls
  50 -1.9513176e+03 1.99e-01 2.70e+06  -0.3 2.52e+03    -  2.03e-02 8.16e-03f  1
  51 -1.9633299e+03 3.69e-01 9.23e+06  -0.1 1.48e+03    -  1.18e-01 2.39e-02f  1
  52 -1.9576969e+03 3.60e-01 1.06e+08   0.1 1.74e+02    -  1.00e+00 4.13e-02f  1
  53 -1.9415657e+03 4.00e-02 8.99e+01  -0.1 1.61e+01    -  1.00e+00 1.00e+00f  1
  54 -1.9611884e+03 6.43e-02 3.94e+05  -0.3 2.06e+01    -  9.91e-01 1.00e+00f  1
  55 -1.9627237e+03 1.35e-02 1.04e+06  -0.5 1.86e+00  -2.0 1.00e+00 9.36e-01f  1
  56 -1.9944387e+03 4.68e-01 6.71e+05  -0.8 3.81e+01    -  1.00e+00 9.46e-01f  1
  57 -2.0018166e+03 1.30e-01 1.26e+02  -1.2 8.41e+00    -  1.00e+00 1.00e+00f  1
  58 -2.0010036e+03 9.94e-02 1.43e+07  -0.6 2.99e+00  -1.6 9.61e-01 2.72e-01f  1
  59 -2.0031187e+03 1.64e-02 6.17e+01  -1.3 2.12e+00    -  1.00e+00 1.00e+00f  1
iter    objective    inf_pr   inf_du lg(mu)  ||d||  lg(rg) alpha_du alpha_pr  ls
  60 -2.0034468e+03 9.09e-03 5.55e+05  -7.3 1.20e+00  -1.1 3.23e-01 4.47e-01f  1
  61 -2.0049882e+03 3.65e-03 2.23e+00  -2.2 1.54e+00  -1.6 1.00e+00 1.00e+00f  1
  62 -2.0051767e+03 2.97e-05 9.92e+02  -2.7 1.88e-01  -0.3 9.98e-01 1.00e+00h  1
  63 -2.0058176e+03 2.32e-04 1.13e-01  -3.4 6.41e-01  -0.8 1.00e+00 1.00e+00f  1
  64 -2.0060902e+03 2.31e-04 2.50e+02  -3.4 1.41e+00  -1.2 1.00e+00 1.93e-01f  1
  65 -2.0062131e+03 2.02e-04 2.42e+05  -2.5 2.64e+00  -1.7 1.00e+00 4.82e-02f  1
  66 -2.0066850e+03 3.39e-04 7.17e+04  -2.7 8.36e-01  -1.3 1.00e+00 5.65e-01f  1
  67 -2.0070797e+03 4.02e-04 1.93e+05  -2.4 2.00e+00  -1.8 1.00e+00 2.12e-01f  1
  68 -2.0078150e+03 1.12e-03 5.43e+03  -2.8 8.30e-01  -1.3 1.00e+00 8.86e-01f  1
  69 -2.0088343e+03 8.79e-03 4.73e+04  -3.3 1.93e+00  -1.8 1.00e+00 5.29e-01f  1
iter    objective    inf_pr   inf_du lg(mu)  ||d||  lg(rg) alpha_du alpha_pr  ls
  70 -2.0089376e+03 6.47e-03 1.33e+05  -2.6 1.04e+00  -1.4 1.00e+00 2.67e-01f  1
  71 -2.0089416e+03 6.05e-03 3.02e+04  -2.9 6.08e-02  -0.1 1.00e+00 6.51e-02h  1
  72 -2.0091316e+03 1.35e-05 8.68e-01  -3.6 1.90e-01  -0.5 1.00e+00 1.00e+00h  1
  73 -2.0093108e+03 1.18e-04 6.16e+03  -4.0 3.80e-01  -1.0 1.00e+00 4.72e-01f  1
  74 -2.0094781e+03 2.34e-04 4.67e+03  -9.9 1.04e+00  -1.5 1.59e-01 1.89e-01f  1
  75 -2.0094911e+03 8.10e-06 2.39e-01  -4.7 1.30e-02   0.7 1.00e+00 1.00e+00h  1
  76 -2.0095061e+03 3.97e-06 6.83e+02  -5.2 3.12e-02   0.3 1.00e+00 4.82e-01f  1
  77 -2.0095175e+03 2.33e-06 2.57e+01  -6.0 1.16e-02   0.7 1.00e+00 9.80e-01f  1
  78 -2.0095183e+03 1.00e-06 2.54e+03  -4.6 2.39e-02   0.2 1.00e+00 5.10e-02f  1
  79 -2.0095301e+03 2.03e-06 6.84e+02  -4.9 5.39e-02  -0.3 1.00e+00 2.17e-01f  1
iter    objective    inf_pr   inf_du lg(mu)  ||d||  lg(rg) alpha_du alpha_pr  ls
  80 -2.0095608e+03 1.74e-05 1.36e+01  -5.4 1.55e-01  -0.7 1.00e+00 2.03e-01f  1
  81 -2.0095991e+03 2.88e-05 5.10e+01  -5.4 4.60e-01  -1.2 1.00e+00 9.00e-02f  1
  82 -2.0096527e+03 3.04e-05 6.93e+02  -4.9 1.37e+00  -1.7 1.00e+00 4.48e-02f  1
  83 -2.0097673e+03 2.61e-04 1.14e+04  -3.9 4.00e+00  -2.2 1.00e+00 3.40e-02f  1
  84 -2.0100189e+03 7.38e-02 2.96e+04  -2.4 1.27e+01  -2.6 8.19e-02 2.82e-02f  1
  85 -2.0100197e+03 6.46e-02 8.77e+03  -3.7 3.41e-02   0.5 1.00e+00 1.26e-01h  1
  86 -2.0100451e+03 1.52e-03 2.70e-01  -3.9 2.78e-02   0.0 1.00e+00 1.00e+00h  1
  87 -2.0101238e+03 7.66e-05 5.19e-02  -4.3 8.14e-02  -0.5 1.00e+00 1.00e+00h  1
  88 -2.0101759e+03 5.75e-05 2.12e+03  -4.6 2.53e-01  -0.9 1.00e+00 2.52e-01f  1
  89 -2.0103011e+03 1.38e-04 3.32e+03  -4.0 7.52e-01  -1.4 1.00e+00 2.18e-01f  1
iter    objective    inf_pr   inf_du lg(mu)  ||d||  lg(rg) alpha_du alpha_pr  ls
  90 -2.0105653e+03 9.09e-04 2.43e+04  -3.5 2.14e+00  -1.9 1.00e+00 1.67e-01f  1
  91 -2.0106247e+03 1.77e-03 2.44e+05  -2.0 6.79e+00  -2.4 2.53e-01 2.37e-02f  1
  92 -2.0106274e+03 1.76e-03 1.77e+04  -3.3 2.75e-01  -1.0 1.00e+00 1.00e-02h  1
  93 -2.0113220e+03 3.54e-03 1.66e+01  -3.6 9.09e-01  -1.5 1.00e+00 1.00e+00f  1
  94 -2.0115741e+03 1.19e-03 1.77e+03  -4.2 4.89e-01  -1.1 1.00e+00 8.97e-01h  1
  95 -2.0115558e+03 1.15e-03 2.73e+05  -2.4 2.72e+00  -1.6 6.75e-01 3.93e-02f  1
  96 -2.0115502e+03 6.11e-03 2.64e+05  -2.7 1.43e+01  -1.1 4.67e-04 4.24e-02f  1
  97 -2.0115429e+03 3.72e-03 1.05e+05  -2.7 8.06e-02   1.1 1.00e+00 4.52e-01f  1
  98 -2.0115381e+03 3.24e-05 1.81e+00  -2.7 1.37e-02   0.6 1.00e+00 1.00e+00f  1
  99 -2.0115687e+03 3.58e-06 1.41e+02  -3.9 3.06e-02   0.1 9.99e-01 1.00e+00h  1
iter    objective    inf_pr   inf_du lg(mu)  ||d||  lg(rg) alpha_du alpha_pr  ls
 100 -2.0115894e+03 1.13e-05 4.03e-01  -4.2 2.08e-02   0.6 1.00e+00 1.00e+00f  1
 101 -2.0116365e+03 4.15e-05 5.13e+02  -4.7 5.37e-02   0.1 1.00e+00 8.76e-01f  1
 102 -2.0116322e+03 3.83e-05 1.54e+05  -2.8 2.63e-01  -0.4 1.00e+00 1.95e-02f  1
 103 -2.0116357e+03 3.19e-04 1.04e+05  -2.9 4.37e-01  -0.9 1.00e+00 1.08e-01f  1
 104 -2.0119094e+03 8.37e-03 3.91e+00  -2.9 5.62e-01  -1.4 1.00e+00 1.00e+00f  1
 105 -2.0130534e+03 6.53e-03 6.66e-01  -3.4 1.62e+00  -1.8 1.00e+00 1.00e+00f  1
 106 -2.0137159e+03 1.54e-02 2.21e+04  -2.8 3.84e+00  -2.3 4.25e-01 2.39e-01f  1
 107 -2.0137408e+03 8.20e-05 1.87e+00  -3.3 3.57e-02  -0.1 1.00e+00 1.00e+00h  1
 108 -2.0138422e+03 8.68e-05 1.27e+00  -3.8 1.01e-01  -0.6 1.00e+00 1.00e+00f  1
 109 -2.0140296e+03 1.75e-04 1.81e+03  -4.2 3.00e-01  -1.0 1.00e+00 8.00e-01f  1
iter    objective    inf_pr   inf_du lg(mu)  ||d||  lg(rg) alpha_du alpha_pr  ls
 110 -2.0140285e+03 2.46e-04 1.65e+05  -2.7 1.15e+00  -1.5 1.00e+00 6.70e-02f  1
 111 -2.0140693e+03 1.40e-03 8.10e+04  -2.9 5.57e-01  -1.1 4.01e-01 5.52e-01f  1
 112 -2.0140989e+03 1.09e-05 1.70e+04  -4.7 2.96e-02   0.3 8.97e-01 1.00e+00h  1
 113 -2.0141520e+03 9.11e-06 4.87e+02  -4.4 7.22e-02  -0.2 1.00e+00 7.35e-01f  1
 114 -2.0142050e+03 2.10e-05 4.18e+02  -4.6 1.31e-01  -0.7 1.00e+00 4.05e-01f  1
 115 -2.0142129e+03 2.15e-05 8.15e+03  -3.9 3.53e-01  -1.2 1.00e+00 2.76e-02f  1
 116 -2.0143685e+03 8.84e-05 1.34e+04  -3.7 1.00e+00  -1.7 1.00e+00 2.23e-01f  1
 117 -2.0147872e+03 3.13e-03 9.89e+03  -3.7 2.56e+00  -2.1 1.00e+00 2.13e-01f  1
 118 -2.0154271e+03 3.63e-02 7.65e+03  -9.7 6.83e+00  -2.6 1.74e-01 1.21e-01f  1
 119 -2.0157392e+03 3.67e-02 7.42e+03  -9.8 2.23e+01  -3.1 3.30e-02 3.52e-02f  1
iter    objective    inf_pr   inf_du lg(mu)  ||d||  lg(rg) alpha_du alpha_pr  ls
 120 -2.0157347e+03 3.66e-02 1.27e+05  -1.8 6.84e+01  -3.6 7.97e-02 3.45e-03f  1
 121 -2.0159129e+03 3.29e-02 9.65e+04  -4.1 3.14e+00  -2.2 2.37e-01 1.65e-01h  1
 122 -2.0159139e+03 3.25e-02 4.78e+04  -3.2 4.01e-01  -0.9 1.00e+00 1.27e-02h  1
 123 -2.0157504e+03 3.17e-02 5.39e+05  -1.8 1.11e+02    -  3.44e-01 2.40e-02f  1
 124 -2.0150445e+03 2.89e-02 6.32e+05  -2.0 2.16e+00  -1.4 1.00e+00 3.26e-01f  1
 125 -2.0151382e+03 1.36e-03 6.63e+04  -3.0 5.84e-01  -1.0 9.25e-01 1.00e+00h  1
 126 -2.0152620e+03 1.43e-04 5.37e+04  -8.7 1.24e-01  -0.5 6.87e-01 1.00e+00f  1
 127 -2.0154098e+03 4.92e-03 2.16e+04  -3.3 2.70e-01  -1.0 9.48e-01 5.47e-01f  1
 128 -2.0155808e+03 4.37e-03 5.15e+03  -3.5 8.05e-01  -1.5 1.00e+00 3.13e-01f  1
 129 -2.0157062e+03 3.78e-03 5.46e+03  -3.7 2.32e+00  -2.0 1.00e+00 1.39e-01f  1
iter    objective    inf_pr   inf_du lg(mu)  ||d||  lg(rg) alpha_du alpha_pr  ls
 130 -2.0158717e+03 3.16e-03 1.86e+03  -9.5 6.67e+00  -2.4 3.77e-02 1.63e-01f  1
 131 -2.0158850e+03 1.38e-05 7.61e+00  -4.6 1.34e-02   0.7 1.00e+00 1.00e+00h  1
 132 -2.0158886e+03 3.35e-05 9.52e+01 -10.5 5.19e-02   0.2 6.22e-02 1.01e-01f  1
 133 -2.0159173e+03 3.35e-05 1.40e+01  -4.7 7.39e-02  -0.3 7.08e-01 3.88e-01f  1
 134 -2.0159226e+03 2.81e-05 1.71e+02 -10.6 3.19e-02   0.2 8.27e-02 1.67e-01h  1
 135 -2.0159240e+03 2.76e-05 1.83e+02  -5.8 6.57e-02  -0.3 2.14e-01 2.01e-02h  1
 136 -2.0159530e+03 9.93e-06 8.01e+01  -5.3 3.11e-02   0.1 1.00e+00 9.35e-01f  1
 137 -2.0159632e+03 7.78e-06 1.23e+03  -4.7 4.76e-02  -0.4 1.00e+00 2.19e-01f  1
 138 -2.0159711e+03 7.47e-06 3.74e+03  -4.3 1.19e-01  -0.8 1.00e+00 6.85e-02f  1
 139 -2.0159795e+03 8.18e-06 9.58e+03  -4.0 3.71e-01  -1.3 1.00e+00 3.20e-02f  1
iter    objective    inf_pr   inf_du lg(mu)  ||d||  lg(rg) alpha_du alpha_pr  ls
 140 -2.0160035e+03 8.19e-05 1.68e+04  -3.7 1.04e+00  -1.8 1.00e+00 7.26e-02f  1
 141 -2.0159941e+03 4.18e-04 6.72e+05  -1.9 4.47e+01    -  5.13e-01 1.55e-02f  1
 142 -2.0159290e+03 1.43e-02 6.19e+05  -2.3 2.17e+01    -  3.29e-02 9.60e-02f  1
 143 -2.0159177e+03 1.42e-02 5.93e+05  -2.3 1.41e+00  -1.4 5.89e-02 3.56e-02f  1
 144 -2.0159042e+03 1.40e-02 5.77e+05  -2.3 2.20e+00  -1.8 2.68e-02 2.75e-02f  1
 145 -2.0159021e+03 1.39e-02 5.73e+05  -2.3 3.14e+00    -  4.58e-03 7.10e-03f  1
 146 -2.0159019e+03 1.39e-02 5.73e+05  -2.3 1.37e+02  -2.3 4.86e-05 1.20e-04h  1
 147 -2.0159019e+03 1.39e-02 5.72e+05  -2.3 5.85e+01  -0.1 5.30e-03 1.46e-05h  1
 148 -2.0158347e+03 1.06e-02 3.24e+05  -2.3 4.02e+00    -  9.09e-01 2.37e-01f  1
 149 -2.0165443e+03 3.83e-02 2.26e+05  -2.3 2.09e+01    -  1.55e-01 3.11e-01f  1
iter    objective    inf_pr   inf_du lg(mu)  ||d||  lg(rg) alpha_du alpha_pr  ls
 150 -2.0165640e+03 3.78e-02 1.81e+05  -8.3 1.31e+01    -  9.41e-02 1.33e-02h  1
 151 -2.0165845e+03 1.69e-02 9.25e+04  -3.1 5.22e+00    -  5.22e-01 5.52e-01h  1
 152 -2.0168583e+03 1.63e-02 8.98e+04  -2.3 4.55e+01    -  3.64e-02 3.41e-02f  1
 153 -2.0165301e+03 1.01e-02 3.79e+05  -2.1 5.55e+00  -0.6 1.00e+00 4.06e-01h  1
 154 -2.0157507e+03 3.34e-02 4.50e+02  -2.1 1.43e+00    -  9.91e-01 1.00e+00f  1
 155 -2.0157445e+03 3.11e-02 1.22e+04  -2.2 6.05e+00  -1.0 7.48e-03 7.03e-02f  1
 156 -2.0157742e+03 3.11e-02 1.22e+04  -2.2 5.38e+02    -  4.71e-04 3.41e-04f  1
 157 -2.0157570e+03 5.33e-03 3.00e+04  -2.2 1.13e-01   1.2 1.00e+00 8.28e-01h  1
 158 -2.0165785e+03 1.54e-02 2.76e+04  -2.2 3.84e+01    -  7.68e-02 8.23e-02f  1
 159 -2.0168626e+03 1.72e-02 2.60e+04  -2.2 4.56e+01    -  6.08e-02 5.58e-02f  1
iter    objective    inf_pr   inf_du lg(mu)  ||d||  lg(rg) alpha_du alpha_pr  ls
 160 -2.0162853e+03 7.89e-03 6.09e+04  -2.4 3.37e+00    -  9.15e-01 5.99e-01h  1
 161 -2.0162604e+03 5.50e-03 6.84e+04  -2.5 8.18e-02   0.7 5.63e-01 3.04e-01h  1
 162 -2.0162453e+03 5.04e-03 7.69e+04  -3.8 3.70e-01   0.2 1.21e-01 8.33e-02h  1
 163 -2.0161684e+03 3.21e-03 6.56e+04  -3.4 2.11e-01  -0.2 4.20e-01 3.65e-01h  1
 164 -2.0161610e+03 2.90e-03 5.75e+04  -8.7 2.49e-01  -0.7 8.72e-02 9.57e-02h  1
 165 -2.0161612e+03 2.84e-03 1.05e+05  -2.8 2.47e+00  -1.2 1.00e+00 2.00e-02f  1
 166 -2.0161462e+03 2.31e-03 1.06e+04  -2.6 7.92e-02   1.0 1.00e+00 1.89e-01h  1
 167 -2.0160650e+03 5.72e-04 3.19e+04  -2.9 1.08e-01   0.6 1.00e+00 7.54e-01h  1
 168 -2.0160447e+03 7.07e-06 6.39e+00  -3.4 4.56e-02   0.1 1.00e+00 1.00e+00h  1
 169 -2.0160466e+03 5.95e-09 3.42e-01  -4.5 1.91e-03   1.4 1.00e+00 1.00e+00h  1
iter    objective    inf_pr   inf_du lg(mu)  ||d||  lg(rg) alpha_du alpha_pr  ls
 170 -2.0160540e+03 2.50e-08 1.08e-01  -5.1 7.42e-03   0.9 1.00e+00 1.00e+00f  1
 171 -2.0160570e+03 2.64e-08 6.78e+01  -5.2 1.44e-02   0.5 1.00e+00 2.03e-01f  1
 172 -2.0160590e+03 6.40e-08 1.37e+02  -5.2 3.05e-02  -0.0 1.00e+00 6.62e-02f  1
 173 -2.0160705e+03 2.76e-06 2.92e+02  -5.4 7.44e-02  -0.5 1.00e+00 1.54e-01f  1
 174 -2.0160802e+03 4.98e-06 2.29e+02  -5.0 2.39e-01  -1.0 1.00e+00 5.39e-02f  1
 175 -2.0160993e+03 4.64e-05 6.90e+03  -4.1 7.64e-01  -1.5 1.00e+00 4.42e-02f  1
 176 -2.0161672e+03 9.39e-04 2.63e+04  -3.1 1.35e+00  -1.9 3.46e-01 8.05e-02f  1
 177 -2.0161733e+03 2.76e-06 1.88e-01  -3.9 1.34e-02   0.3 1.00e+00 1.00e+00h  1
 178 -2.0162021e+03 4.91e-06 1.43e-01  -4.4 3.29e-02  -0.2 1.00e+00 1.00e+00f  1
 179 -2.0162551e+03 3.60e-05 7.58e+02  -5.1 1.04e-01  -0.7 1.00e+00 7.44e-01f  1
iter    objective    inf_pr   inf_du lg(mu)  ||d||  lg(rg) alpha_du alpha_pr  ls
 180 -2.0162861e+03 7.91e-05 3.59e+02  -4.8 3.11e-01  -1.1 5.20e-01 1.92e-01f  1
 181 -2.0162883e+03 6.19e-05 9.34e+02  -5.4 1.40e-02   0.2 1.00e+00 2.20e-01h  1
 182 -2.0162995e+03 4.44e-05 6.68e+02  -5.9 4.38e-02  -0.3 1.00e+00 4.46e-01h  1
 183 -2.0163048e+03 4.24e-05 6.32e+02 -11.0 1.31e-01  -0.8 2.58e-01 8.48e-02h  1
 184 -2.0163070e+03 1.87e-05 2.87e+02  -6.2 5.83e-03   0.6 1.00e+00 5.60e-01h  1
 185 -2.0163086e+03 1.54e-05 2.76e+02  -6.7 1.84e-02   0.1 1.00e+00 1.76e-01h  1
 186 -2.0163103e+03 1.41e-05 2.57e+02 -11.0 5.50e-02  -0.4 3.61e-01 8.86e-02h  1
 187 -2.0163113e+03 1.39e-05 2.28e+02  -8.4 2.06e-02   0.0 6.33e-01 1.37e-01h  1
 188 -2.0163118e+03 1.14e-05 1.62e+02  -6.5 7.60e-03   0.5 1.00e+00 1.83e-01h  1
 189 -2.0163144e+03 5.29e-05 1.71e+02  -5.3 2.45e-02  -0.0 1.00e+00 4.54e-01h  1
iter    objective    inf_pr   inf_du lg(mu)  ||d||  lg(rg) alpha_du alpha_pr  ls
 190 -2.0163153e+03 5.19e-05 5.33e+02  -5.0 6.47e-02  -0.5 1.00e+00 5.74e-02h  1
 191 -2.0163188e+03 8.06e-05 2.18e+02  -5.2 1.80e-01  -1.0 1.00e+00 1.04e-01h  1
 192 -2.0163213e+03 3.77e-04 4.35e+03  -3.6 3.61e-01  -1.4 3.66e-01 2.03e-01f  1
 193 -2.0163242e+03 2.76e-05 3.04e+02  -4.8 3.16e-03   0.8 1.00e+00 9.26e-01h  1
 194 -2.0163327e+03 1.73e-06 3.26e-02  -6.1 9.22e-03   0.3 1.00e+00 1.00e+00h  1
 195 -2.0163350e+03 4.79e-06 5.06e+01  -7.1 3.17e-02  -0.2 1.00e+00 2.02e-01h  1
 196 -2.0163369e+03 2.67e-05 5.39e+01  -7.3 8.93e-02  -0.6 1.00e+00 1.35e-01h  1
 197 -2.0163401e+03 4.74e-05 5.27e+01  -6.0 2.47e-01  -1.1 1.00e+00 9.83e-02h  1
 198 -2.0163453e+03 2.86e-04 1.54e+02  -5.5 6.60e-01  -1.6 6.90e-01 6.23e-02f  1
 199 -2.0163488e+03 3.65e-04 5.86e+02  -5.1 2.02e-01  -1.2 1.00e+00 1.25e-01h  1
iter    objective    inf_pr   inf_du lg(mu)  ||d||  lg(rg) alpha_du alpha_pr  ls
 200 -2.0163464e+03 4.89e-04 4.46e+03  -3.4 4.35e-01  -1.6 2.17e-01 1.21e-01f  1
 201 -2.0163464e+03 4.82e-04 4.42e+03  -4.1 1.62e-01  -0.3 6.74e-03 1.41e-02h  1
 202 -2.0163465e+03 4.80e-04 4.39e+03  -4.1 1.77e-01  -0.8 6.76e-03 4.71e-03f  2
 203 -2.0163465e+03 4.80e-04 4.19e+03  -4.1 1.08e+01   0.5 9.42e-02 4.12e-05f  2
 204 -2.0163460e+03 1.60e-04 7.56e+02  -4.1 5.25e-03   1.0 1.00e+00 6.66e-01h  1
 205 -2.0163454e+03 6.91e-06 7.99e-02  -4.1 3.92e-03   0.5 1.00e+00 1.00e+00f  1
 206 -2.0163549e+03 5.81e-06 1.83e-01  -5.3 1.63e-02   0.0 1.00e+00 1.00e+00h  1
 207 -2.0163597e+03 7.62e-07 2.64e-02  -6.5 6.95e-03   0.4 1.00e+00 1.00e+00h  1
 208 -2.0163615e+03 2.83e-06 2.58e+01  -6.7 2.18e-02  -0.0 1.00e+00 3.58e-01h  1
 209 -2.0163618e+03 2.39e-06 2.70e+01  -7.6 8.06e-03   0.4 1.00e+00 1.64e-01h  1
iter    objective    inf_pr   inf_du lg(mu)  ||d||  lg(rg) alpha_du alpha_pr  ls
 210 -2.0163625e+03 1.99e-06 2.54e+01  -7.3 2.30e-02  -0.1 1.00e+00 2.44e-01h  1
 211 -2.0163629e+03 1.61e-06 1.81e+01  -8.8 8.54e-03   0.3 1.00e+00 2.74e-01h  1
 212 -2.0163630e+03 9.95e-06 7.11e+02  -5.1 2.42e-02  -0.1 1.00e+00 1.64e-01f  1
 213 -2.0163643e+03 7.86e-06 5.53e+02 -11.0 5.48e-02  -0.6 2.20e-01 2.10e-01h  1
 214 -2.0163645e+03 9.64e-06 4.88e+01  -5.8 5.35e-02  -0.2 1.00e+00 6.09e-02h  1
 215 -2.0163667e+03 6.13e-06 5.31e+01 -11.0 5.74e-02  -0.7 2.37e-01 3.64e-01h  1
 216 -2.0163672e+03 5.94e-06 5.28e+01 -11.0 1.31e-01  -1.1 2.11e-02 3.09e-02h  1
 217 -2.0163673e+03 1.17e-04 7.09e+02  -3.9 2.10e+00  -1.6 7.43e-02 2.32e-02f  1
 218 -2.0163681e+03 8.20e-07 1.44e-02  -5.8 3.57e-03   0.6 1.00e+00 1.00e+00h  1
 219 -2.0163681e+03 1.57e-06 1.94e+02  -5.3 7.93e-03   0.1 1.00e+00 4.60e-01h  1
iter    objective    inf_pr   inf_du lg(mu)  ||d||  lg(rg) alpha_du alpha_pr  ls
 220 -2.0163894e+03 2.23e-05 1.95e+02  -4.3 2.54e+02    -  5.49e-03 5.15e-03f  1
 221 -2.0163897e+03 2.00e-05 1.63e+02 -11.0 2.11e-02  -0.3 1.25e-01 1.06e-01h  1
 222 -2.0163897e+03 1.94e-05 4.07e+01 -11.0 8.56e-03   0.1 2.76e-01 3.09e-02h  1
 223 -2.0163905e+03 1.82e-06 2.78e+01  -6.9 3.74e-03   0.5 1.00e+00 9.06e-01h  1
 224 -2.0163902e+03 1.27e-06 6.67e+02  -5.0 1.48e-02   0.0 1.00e+00 2.30e-01f  1
 225 -2.0163904e+03 8.58e-06 6.13e+02  -5.2 4.20e-02  -0.5 2.63e-02 1.07e-01h  1
 226 -2.0163904e+03 6.31e-06 3.89e+02  -5.2 9.08e-03  -0.0 3.66e-01 3.66e-01f  1
 227 -2.0163905e+03 6.14e-06 3.78e+02  -5.2 6.02e-02  -0.5 2.49e-02 2.88e-02f  1
 228 -2.0163906e+03 6.01e-06 3.69e+02  -5.2 8.53e-02  -1.0 2.09e-02 2.60e-02f  1
 229 -2.0163914e+03 5.75e-06 1.66e+02  -5.5 3.04e-02  -0.6 5.16e-01 3.81e-01f  1
iter    objective    inf_pr   inf_du lg(mu)  ||d||  lg(rg) alpha_du alpha_pr  ls
 230 -2.0163922e+03 1.02e-07 1.82e-02  -6.6 2.12e-03   0.8 1.00e+00 1.00e+00h  1
 231 -2.0163923e+03 7.43e-07 3.39e+01  -6.0 4.67e-03   0.3 1.00e+00 4.90e-01h  1
 232 -2.0163965e+03 1.22e-06 3.49e+01  -4.0 3.05e+02    -  1.46e-03 1.33e-03f  1
 233 -2.0164001e+03 2.87e-06 3.63e+01  -4.0 3.16e+02    -  1.64e-03 1.50e-03f  1
 234 -2.0164024e+03 3.89e-06 3.69e+01  -4.2 3.12e+02    -  1.30e-03 1.19e-03f  1
 235 -2.0164025e+03 1.86e-06 4.05e+01  -7.3 1.96e-03   0.7 1.00e+00 5.22e-01h  1
 236 -2.0164027e+03 1.14e-06 2.52e+01  -7.3 5.00e-03   0.2 8.23e-01 3.85e-01h  1
 237 -2.0164029e+03 8.39e-08 1.01e+00  -8.2 1.91e-03   0.7 1.00e+00 9.65e-01h  1
 238 -2.0164029e+03 7.37e-08 8.52e-01 -11.0 5.34e-03   0.2 2.03e-02 1.02e-01h  1
 239 -2.0164029e+03 7.23e-08 5.15e+00  -6.1 1.49e-01  -0.3 8.16e-02 3.22e-03f  1
iter    objective    inf_pr   inf_du lg(mu)  ||d||  lg(rg) alpha_du alpha_pr  ls
 240 -2.0164029e+03 8.04e-08 5.10e+00  -7.3 2.31e-02   0.1 3.45e-04 1.52e-02h  1
 241 -2.0164029e+03 8.04e-08 5.10e+00  -7.3 2.92e+02    -  9.31e-06 2.51e-05f  1
 242 -2.0164044e+03 4.88e-07 5.10e+00  -9.3 2.92e+02    -  8.58e-04 8.40e-04f  1
 243 -2.0164057e+03 9.77e-07 5.10e+00  -5.2 3.04e+02    -  8.91e-04 8.72e-04f  1
 244 -2.0164057e+03 7.67e-07 8.24e+00  -6.9 2.18e-03   0.6 1.00e+00 2.15e-01h  1
 245 -2.0164188e+03 5.12e-05 8.22e+00 -11.0 3.04e+02    -  4.62e-03 8.95e-03f  1
 246 -2.0164187e+03 2.89e-05 1.02e+01  -6.6 8.60e-04   1.0 1.00e+00 4.37e-01h  1
 247 -2.0164233e+03 4.20e-05 1.20e+01  -4.7 2.95e+02    -  5.63e-03 4.81e-03f  1
 248 -2.0164288e+03 4.19e-05 1.21e+01 -11.0 1.64e+01    -  1.39e-03 8.43e-03f  1
 249 -2.0164285e+03 1.67e-05 1.53e+01  -6.2 5.58e-03   0.5 1.00e+00 6.02e-01h  1
iter    objective    inf_pr   inf_du lg(mu)  ||d||  lg(rg) alpha_du alpha_pr  ls
 250 -2.0164287e+03 1.14e-06 2.74e-01  -6.2 4.92e-03   0.0 1.00e+00 1.00e+00h  1
 251 -2.0164289e+03 7.13e-07 9.12e-01 -11.0 1.42e-02  -0.4 4.32e-01 4.18e-01h  1
 252 -2.0164292e+03 5.64e-07 8.06e-01 -11.0 4.02e-02  -0.9 2.39e-01 2.36e-01h  1
 253 -2.0164296e+03 9.67e-07 1.89e+00  -7.2 1.55e-02  -0.5 1.00e+00 9.20e-01h  1
 254 -2.0164306e+03 4.92e-06 7.16e-01  -7.7 4.34e-02  -1.0 1.00e+00 8.83e-01h  1
 255 -2.0164307e+03 4.84e-06 6.82e-01 -11.0 1.18e-01  -1.4 6.96e-03 1.82e-02h  1
 256 -2.0164307e+03 1.94e-09 4.79e-03  -8.4 7.72e-04   0.8 1.00e+00 1.00e+00h  1
 257 -2.0164361e+03 1.12e-05 4.75e-03 -11.0 1.54e+01    -  8.60e-03 8.59e-03f  1
 258 -2.0164361e+03 1.12e-05 4.75e-03 -11.0 1.38e+01    -  3.96e-05 3.96e-05f  1
 259 -2.0164361e+03 1.12e-05 4.75e-03 -11.0 1.22e+01    -  1.19e-05 1.20e-05h  1
iter    objective    inf_pr   inf_du lg(mu)  ||d||  lg(rg) alpha_du alpha_pr  ls
 260 -2.0164361e+03 1.12e-05 1.96e-01  -7.4 3.34e+01    -  1.29e-03 2.21e-05f  1
 261 -2.0164368e+03 1.13e-05 1.60e-02 -11.0 1.86e+01    -  2.95e-06 8.25e-04f  1
 262 -2.0164368e+03 4.98e-10 4.81e-03  -8.5 2.91e-04   1.2 1.00e+00 1.00e+00h  1
 263 -2.0164368e+03 3.11e-09 4.81e-03 -11.0 5.21e+00    -  4.16e-04 4.75e-04f  1
 264 -2.0164369e+03 1.33e-08 4.81e-03 -11.0 5.20e+00    -  7.53e-04 8.59e-04f  1
 265 -2.0164371e+03 4.76e-08 6.12e-03 -11.0 5.20e+00    -  1.38e-03 1.58e-03f  1
 266 -2.0164371e+03 4.76e-08 4.48e+02  -6.8 4.68e+03    -  2.59e-02 2.28e-06f  1
 267 -2.0164371e+03 5.37e-09 4.65e-03  -8.1 8.43e-04   0.7 1.00e+00 1.00e+00h  1
 268 -2.0164371e+03 3.84e-08 4.59e-03  -9.9 2.49e-03   0.3 1.00e+00 9.97e-01h  1
 269 -2.0164373e+03 3.17e-07 5.04e-03 -10.8 7.31e-03  -0.2 1.00e+00 1.00e+00h  1
iter    objective    inf_pr   inf_du lg(mu)  ||d||  lg(rg) alpha_du alpha_pr  ls
 270 -2.0164379e+03 6.54e-07 4.36e-02  -8.8 5.27e+00    -  5.76e-03 6.77e-03f  1
 271 -2.0164394e+03 4.11e-06 2.68e-01  -8.6 5.22e+00    -  1.70e-02 1.58e-02f  1
 272 -2.0164394e+03 4.11e-06 2.68e-01  -8.2 5.10e+00    -  1.51e-04 1.43e-04h  1
 273 -2.0164394e+03 4.11e-06 2.68e-01  -8.2 2.04e-02  -0.7 3.27e-04 3.07e-04h  1
 274 -2.0164394e+03 4.11e-06 2.68e-01 -10.3 5.43e-02  -1.2 1.85e-05 1.26e-05h  1
 275 -2.0164394e+03 4.11e-06 4.88e+01 -10.3 2.00e+03    -  1.77e-02 2.51e-05f  1
 276 -2.0164429e+03 1.68e-05 4.75e+01 -10.3 5.10e+00    -  2.62e-02 3.09e-02f  1
 277 -2.0164596e+03 6.99e-05 4.47e+01 -11.0 5.46e+00    -  5.83e-02 6.58e-02f  1
 278 -2.0164622e+03 6.98e-05 4.47e+01 -11.0 1.15e+01    -  6.30e-04 5.07e-03f  1
 279 -2.0164622e+03 6.98e-05 4.47e+01 -11.0 1.14e+01    -  1.86e-06 1.51e-05h  1
iter    objective    inf_pr   inf_du lg(mu)  ||d||  lg(rg) alpha_du alpha_pr  ls
 280 -2.0164622e+03 6.98e-05 4.47e+01 -10.2 5.23e-03   0.2 1.78e-05 1.39e-04h  1
 281 -2.0164622e+03 6.98e-05 1.04e+03 -10.2 1.19e+03    -  1.21e-01 4.20e-05h  1
 282 -2.0164709e+03 7.20e-05 8.61e+02  -9.5 1.14e+01    -  1.71e-01 1.73e-02f  1
 283 -2.0164709e+03 7.10e-05 8.26e+00 -10.4 7.61e-03  -0.3 9.90e-01 1.36e-02h  1
 284 -2.0164773e+03 7.72e-05 8.17e+00 -10.5 1.11e+01    -  1.03e-02 1.35e-02f  1
 285 -2.0164936e+03 1.46e-04 7.90e+00  -9.4 1.09e+01    -  3.32e-02 3.49e-02f  1
 286 -2.0164932e+03 1.81e-06 2.86e-02 -10.8 2.06e-02  -0.8 1.00e+00 1.00e+00h  1
 287 -2.0165003e+03 1.58e-05 2.03e+01  -9.2 1.04e+01    -  1.71e-01 1.67e-02f  1
 288 -2.0165004e+03 1.43e-05 4.19e-01 -10.6 5.30e-02  -1.3 1.00e+00 9.16e-02h  1
 289 -2.0165004e+03 1.43e-05 7.12e+00  -8.9 6.93e+00    -  7.95e-02 2.52e-06h  1
In iteration 289, 1 Slack too small, adjusting variable bound
iter    objective    inf_pr   inf_du lg(mu)  ||d||  lg(rg) alpha_du alpha_pr  ls
 290 -2.0165004e+03 1.39e-05 1.17e+01 -10.1 1.37e-01  -1.7 1.00e+00 2.72e-02h  1
 291 -2.0165025e+03 2.14e-04 9.82e+00  -9.8 3.88e+00    -  1.55e-01 1.63e-01h  1
 292 -2.0165029e+03 2.14e-04 9.35e+00 -11.0 3.09e+00    -  1.79e-03 4.57e-02h  1
 293 -2.0165029e+03 2.14e-04 9.35e+00 -11.0 2.92e+00    -  9.27e-06 2.48e-04h  1
 294 -2.0165029e+03 2.13e-04 9.27e+00 -10.2 1.02e-03   0.5 2.17e-04 4.12e-03h  1
 295 -2.0165029e+03 2.13e-04 1.02e+03 -10.2 6.74e+02    -  3.06e-01 7.42e-05h  1
 296 -2.0165054e+03 8.39e-04 6.85e+02 -10.2 2.92e+00    -  3.26e-01 4.01e-01h  1
 297 -2.0165054e+03 8.39e-04 5.61e+03  -8.6 2.33e+00   0.0 1.00e+00 9.80e-08f 16
 298 -2.0165058e+03 7.06e-04 3.02e+02  -8.6 1.60e+00    -  9.47e-01 2.28e-01h  1
 299 -2.0165058e+03 7.06e-04 7.23e+01 -11.0 1.22e+00    -  7.72e-01 1.06e-03h  1
iter    objective    inf_pr   inf_du lg(mu)  ||d||  lg(rg) alpha_du alpha_pr  ls
 300 -2.0165062e+03 5.69e-04 4.27e+01  -9.4 1.22e+00    -  3.89e-01 7.30e-01h  1
 301 -2.0165062e+03 5.69e-04 1.61e+00  -9.1 3.09e-01    -  9.90e-01 1.53e-05h 17
 302 -2.0165059e+03 1.83e-04 4.64e-01  -9.2 3.09e-01    -  6.21e-01 7.43e-01h  1
 303 -2.0165059e+03 1.83e-04 1.14e+01  -8.9 9.23e+00    -  9.98e-01 8.33e-05h  7
 304 -2.0165057e+03 1.39e-09 8.71e-05  -9.0 2.56e-04  -0.5 1.00e+00 1.00e+00h  1
 305 -2.0165057e+03 1.81e-09 6.98e-05 -11.0 6.15e-04  -0.9 1.00e+00 1.00e+00h  1
 306 -2.0165057e+03 8.60e-09 5.93e-05 -11.0 1.57e-03  -1.4 1.00e+00 1.00e+00h  1
 307 -2.0165057e+03 1.01e-08 1.45e-01  -9.2 1.61e+00    -  4.33e-02 2.01e-02h  1
 308 -2.0165057e+03 3.40e-08 4.58e-05 -10.5 3.63e-03  -1.9 1.00e+00 1.00e+00h  1
 309 -2.0165057e+03 1.11e-07 3.48e-05 -11.0 8.27e-03  -2.4 1.00e+00 1.00e+00h  1
iter    objective    inf_pr   inf_du lg(mu)  ||d||  lg(rg) alpha_du alpha_pr  ls
 310 -2.0165057e+03 2.34e-07 2.31e-05 -11.0 1.65e-02  -2.9 1.00e+00 1.00e+00h  1
 311 -2.0165057e+03 2.28e-07 2.04e+00  -9.4 5.57e-01    -  1.00e+00 3.25e-02h  1
 312 -2.0165057e+03 2.48e-07 2.05e+00  -9.6 1.44e-01    -  1.87e-03 3.25e-01h  1
 313 -2.0165057e+03 2.48e-07 2.05e+00  -9.6 5.18e+00  -1.5 4.04e-10 1.40e-08h  2
 314 -2.0165057e+03 2.48e-07 1.42e+01  -9.6 1.15e-01   0.7 1.25e-01 4.78e-07h  2
 315 -2.0165057e+03 2.48e-07 1.56e+01  -9.6 7.81e+00    -  1.93e-02 9.18e-10h 26
 316 -2.0165057e+03 2.48e-07 7.36e+01  -9.6 9.81e-03   0.2 1.00e+00 2.12e-04h  6
 317 -2.0165057e+03 2.48e-07 7.36e+01  -9.6 3.34e+01    -  1.03e-08 7.48e-05f  2
 318 -2.0165057e+03 8.41e-12 1.52e-05  -9.6 2.68e-05  -0.2 1.00e+00 1.00e+00h  1
 319 -2.0165057e+03 5.00e-07 4.80e-05  -9.2 3.08e-02    -  1.00e+00 1.00e+00h  1
iter    objective    inf_pr   inf_du lg(mu)  ||d||  lg(rg) alpha_du alpha_pr  ls
 320 -2.0165057e+03 2.27e-13 1.33e-07 -11.0 7.06e-07  -0.7 1.00e+00 1.00e+00h  1
 321 -2.0165057e+03 4.51e-11 1.95e-02  -9.0 7.42e-01    -  5.51e-02 4.84e-02f  1
 322 -2.0165057e+03 4.51e-11 3.72e-02 -10.3 1.41e-02  -1.2 1.00e+00 9.77e-04h 11
 323 -2.0165057e+03 4.42e-11 3.66e-02 -10.3 1.00e+00    -  1.64e-02 1.83e-02h  1
 324 -2.0165057e+03 4.14e-11 3.43e-02 -10.3 4.37e-01    -  6.39e-02 5.11e-02f  1
 325 -2.0165057e+03 3.87e-11 3.26e-02 -10.3 4.64e-01    -  5.05e-02 5.41e-02f  1
 326 -2.0165057e+03 3.59e-11 3.06e-02 -10.3 3.44e-01    -  5.89e-02 6.35e-02f  1
 327 -2.0165057e+03 3.28e-11 2.81e-02 -10.3 1.91e-01    -  8.41e-02 7.53e-02f  1
 328 -2.0165057e+03 3.14e-11 7.63e-02 -10.3 6.50e-01    -  7.90e-02 4.17e-02f  1
 329 -2.0165057e+03 2.68e-11 5.70e-02 -10.3 1.40e-01    -  2.63e-01 1.31e-01f  1
iter    objective    inf_pr   inf_du lg(mu)  ||d||  lg(rg) alpha_du alpha_pr  ls
 330 -2.0165057e+03 8.71e-13 1.25e-04 -10.3 5.94e-03  -1.7 1.00e+00 1.00e+00f  1
 331 -2.0165057e+03 3.02e-10 1.89e-02  -9.5 6.57e-02    -  6.68e-01 5.19e-01h  1
 332 -2.0165057e+03 2.15e-10 2.84e-02  -9.6 3.44e-02    -  2.75e-01 1.23e-02h  6
 333 -2.0165057e+03 9.53e-11 4.70e-04  -9.6 2.31e-04  -2.2 1.00e+00 9.41e-01h  1
 334 -2.0165057e+03 2.20e-10 7.29e-03  -9.6 1.99e-02    -  5.80e-01 7.61e-01f  1
 335 -2.0165057e+03 1.92e-10 1.91e-01  -9.6 1.17e-01    -  7.31e-01 1.30e-01f  2
 336 -2.0165057e+03 6.86e-13 4.58e-07  -9.6 1.96e-04  -2.6 1.00e+00 1.00e+00h  1
 337 -2.0165057e+03 5.38e-11 4.53e-03  -9.6 9.22e-03    -  7.94e-01 1.00e+00h  1
 338 -2.0165057e+03 2.27e-13 1.80e-07  -9.6 2.32e-04  -3.1 1.00e+00 1.00e+00h  1
 339 -2.0165057e+03 2.88e-11 1.38e-02  -9.6 3.01e-02    -  5.50e-01 3.58e-01h  2
iter    objective    inf_pr   inf_du lg(mu)  ||d||  lg(rg) alpha_du alpha_pr  ls
 340 -2.0165057e+03 2.66e-11 3.58e-02  -9.6 3.71e-02    -  6.56e-01 3.06e-01h  2
 341 -2.0165057e+03 2.27e-13 8.23e-08  -9.6 3.18e-04  -3.6 1.00e+00 1.00e+00h  1
 342 -2.0165057e+03 8.22e-11 9.12e-03  -9.6 1.20e-02    -  6.98e-01 1.00e+00h  1
 343 -2.0165057e+03 7.47e-11 1.27e-01  -9.6 1.15e-01    -  5.85e-01 1.29e-01h  2
 344 -2.0165057e+03 2.84e-13 3.58e-08  -9.6 4.14e-04  -4.1 1.00e+00 1.00e+00h  1
 345 -2.0165057e+03 6.57e-11 7.14e-03  -9.6 1.01e-02    -  7.31e-01 1.00e+00h  1
 346 -2.0165057e+03 7.39e-11 8.88e+00  -9.6 3.39e+00    -  1.00e+00 2.92e-03h  2
 347 -2.0165057e+03 9.25e-12 3.30e-11  -9.6 4.52e-03    -  1.00e+00 1.00e+00h  1
 348 -2.0165057e+03 9.43e-11 1.03e-04 -11.0 2.07e-02    -  5.88e-01 5.91e-01h  1
 349 -2.0165057e+03 8.81e-11 2.75e-03 -11.0 1.76e-02    -  6.23e-01 7.06e-01f  1
iter    objective    inf_pr   inf_du lg(mu)  ||d||  lg(rg) alpha_du alpha_pr  ls
 350 -2.0165057e+03 1.51e-11 9.33e-12 -10.9 1.35e-02    -  1.00e+00 1.00e+00f  1

Number of Iterations....: 350

                                   (scaled)                 (unscaled)
Objective...............:  -2.0165057349809267e+03   -2.0165057349809267e+03
Dual infeasibility......:   9.3266933532019265e-12    9.3266933532019265e-12
Constraint violation....:   1.5060869218430639e-11    1.5060869218430639e-11
Complementarity.........:   2.0725915507790351e-11    2.0725915507790351e-11
Overall NLP error.......:   2.0725915507790351e-11    2.0725915507790351e-11


Number of objective function evaluations             = 467
Number of objective gradient evaluations             = 351
Number of equality constraint evaluations            = 469
Number of inequality constraint evaluations          = 467
Number of equality constraint Jacobian evaluations   = 351
Number of inequality constraint Jacobian evaluations = 351
Number of Lagrangian Hessian evaluations             = 350
Total CPU secs in IPOPT (w/o function evaluations)   =      2.634
Total CPU secs in NLP function evaluations           =      1.103

EXIT: Optimal Solution Found.
